0 info it worked if it ends with ok
1 verbose cli [ 'node', '/usr/local/bin/npm', 'update', 'npm', '-g' ]
2 info using npm@2.1.14
3 info using node@v0.10.33
4 silly mapToRegistry name npm
5 silly mapToRegistry using default registry
6 silly mapToRegistry registry https://registry.npmjs.org/
7 silly mapToRegistry uri https://registry.npmjs.org/npm
8 verbose request uri https://registry.npmjs.org/npm
9 verbose request no auth needed
10 info attempt registry request try #1 at 11:56:37
11 verbose request id b5a797439a21de3a
12 verbose etag "EW8BE7KNNJNF818U18BZBZG26"
13 http request GET https://registry.npmjs.org/npm
14 verbose type called_on_non_object
15 verbose stack TypeError: Object.keys called on non-object
15 verbose stack     at Function.keys (native)
15 verbose stack     at unmarkExtraneous (/usr/local/lib/node_modules/npm/node_modules/read-installed/read-installed.js:362:10)
15 verbose stack     at /usr/local/lib/node_modules/npm/node_modules/read-installed/read-installed.js:137:5
15 verbose stack     at next (/usr/local/lib/node_modules/npm/node_modules/read-installed/read-installed.js:185:14)
15 verbose stack     at /usr/local/lib/node_modules/npm/node_modules/read-installed/read-installed.js:169:14
15 verbose stack     at Object.oncomplete (evalmachine.<anonymous>:107:15)
16 verbose cwd /Users/jmounagu/Documents/workarea/projects/meteor/restaurant
17 error Darwin 13.1.0
18 error argv "node" "/usr/local/bin/npm" "update" "npm" "-g"
19 error node v0.10.33
20 error npm  v2.1.14
21 error Object.keys called on non-object
22 error If you need help, you may report this error at:
22 error     <http://github.com/npm/npm/issues>
23 verbose exit [ 1, true ]
